
tidy formatting /home/jdutheil/Web/CoMap/Gna/comap/atom.xml:

No warnings or errors were found.


To learn more about HTML Tidy see http://tidy.sourceforge.net
Please send bug reports to html-tidy@w3.org
HTML and CSS specifications are available from http://www.w3.org/
Lobby your company to join W3C, see http://www.w3.org/Consortium

tidy formatting /home/jdutheil/Web/CoMap/Gna/comap/rss.xml:

No warnings or errors were found.


To learn more about HTML Tidy see http://tidy.sourceforge.net
Please send bug reports to html-tidy@w3.org
HTML and CSS specifications are available from http://www.w3.org/
Lobby your company to join W3C, see http://www.w3.org/Consortium

tidy formatting /home/jdutheil/Web/CoMap/Gna/comap/index.xml:

No warnings or errors were found.


To learn more about HTML Tidy see http://tidy.sourceforge.net
Please send bug reports to html-tidy@w3.org
HTML and CSS specifications are available from http://www.w3.org/
Lobby your company to join W3C, see http://www.w3.org/Consortium

tidy formatting /home/jdutheil/Web/CoMap/Gna/comap/articles/documentation/index.html:

Info: Doctype given is "-//W3C//DTD XHTML 1.1//EN"
Info: Document content looks like XHTML 1.1
No warnings or errors were found.


To learn more about HTML Tidy see http://tidy.sourceforge.net
Please send bug reports to html-tidy@w3.org
HTML and CSS specifications are available from http://www.w3.org/
Lobby your company to join W3C, see http://www.w3.org/Consortium

tidy formatting /home/jdutheil/Web/CoMap/Gna/comap/articles/download/index.html:

Info: Doctype given is "-//W3C//DTD XHTML 1.1//EN"
Info: Document content looks like XHTML 1.1
No warnings or errors were found.


To learn more about HTML Tidy see http://tidy.sourceforge.net
Please send bug reports to html-tidy@w3.org
HTML and CSS specifications are available from http://www.w3.org/
Lobby your company to join W3C, see http://www.w3.org/Consortium

tidy formatting /home/jdutheil/Web/CoMap/Gna/comap/archives/index.html:

Info: Doctype given is "-//W3C//DTD XHTML 1.1//EN"
Info: Document content looks like XHTML 1.1
No warnings or errors were found.


To learn more about HTML Tidy see http://tidy.sourceforge.net
Please send bug reports to html-tidy@w3.org
HTML and CSS specifications are available from http://www.w3.org/
Lobby your company to join W3C, see http://www.w3.org/Consortium

tidy formatting /home/jdutheil/Web/CoMap/Gna/comap/archives/cat_1/index.html:

Info: Doctype given is "-//W3C//DTD XHTML 1.1//EN"
Info: Document content looks like XHTML 1.1
No warnings or errors were found.


To learn more about HTML Tidy see http://tidy.sourceforge.net
Please send bug reports to html-tidy@w3.org
HTML and CSS specifications are available from http://www.w3.org/
Lobby your company to join W3C, see http://www.w3.org/Consortium

tidy formatting /home/jdutheil/Web/CoMap/Gna/comap/archives/2006/index.html:

Info: Doctype given is "-//W3C//DTD XHTML 1.1//EN"
Info: Document content looks like XHTML 1.1
No warnings or errors were found.


To learn more about HTML Tidy see http://tidy.sourceforge.net
Please send bug reports to html-tidy@w3.org
HTML and CSS specifications are available from http://www.w3.org/
Lobby your company to join W3C, see http://www.w3.org/Consortium

tidy formatting /home/jdutheil/Web/CoMap/Gna/comap/archives/2006/08/index.html:

Info: Doctype given is "-//W3C//DTD XHTML 1.1//EN"
Info: Document content looks like XHTML 1.1
No warnings or errors were found.


To learn more about HTML Tidy see http://tidy.sourceforge.net
Please send bug reports to html-tidy@w3.org
HTML and CSS specifications are available from http://www.w3.org/
Lobby your company to join W3C, see http://www.w3.org/Consortium

tidy formatting /home/jdutheil/Web/CoMap/Gna/comap/index.html:

Info: Doctype given is "-//W3C//DTD XHTML 1.1//EN"
Info: Document content looks like XHTML 1.1
No warnings or errors were found.


To learn more about HTML Tidy see http://tidy.sourceforge.net
Please send bug reports to html-tidy@w3.org
HTML and CSS specifications are available from http://www.w3.org/
Lobby your company to join W3C, see http://www.w3.org/Consortium
